TN:
SF:/Users/lukehowsam/srv/dev/intermediate-react/testing/src/Carousel.js
FN:8,(anonymous_0)
FN:11,(anonymous_1)
FN:16,(anonymous_2)
FN:21,(anonymous_3)
FN:33,(anonymous_4)
FNF:5
FNH:0
FNDA:0,(anonymous_0)
FNDA:0,(anonymous_1)
FNDA:0,(anonymous_2)
FNDA:0,(anonymous_3)
FNDA:0,(anonymous_4)
DA:9,0
DA:10,0
DA:11,0
DA:14,0
DA:17,0
DA:22,0
DA:24,0
DA:25,0
DA:26,0
DA:29,0
DA:35,0
LF:11
LH:0
BRDA:10,0,0,0
BRDA:10,0,1,0
BRDA:10,1,0,0
BRDA:10,1,1,0
BRDA:10,1,2,0
BRDA:25,2,0,0
BRDA:25,2,1,0
BRDA:25,3,0,0
BRDA:25,3,1,0
BRDA:40,4,0,0
BRDA:40,4,1,0
BRF:11
BRH:0
end_of_record
TN:
SF:/Users/lukehowsam/srv/dev/intermediate-react/testing/src/Details.js
FN:14,(anonymous_0)
FN:20,(anonymous_1)
FN:39,(anonymous_2)
FN:43,(anonymous_3)
FN:44,(anonymous_4)
FNF:5
FNH:3
FNDA:2,(anonymous_0)
FNDA:0,(anonymous_1)
FNDA:0,(anonymous_2)
FNDA:1,(anonymous_3)
FNDA:3,(anonymous_4)
DA:7,1
DA:15,2
DA:22,0
DA:23,0
DA:25,0
DA:27,0
DA:40,0
DA:43,1
DA:45,3
DA:46,3
DA:57,0
DA:59,0
LF:12
LH:5
BRDA:22,0,0,0
BRDA:22,0,1,0
BRDA:45,1,0,3
BRDA:45,1,1,0
BRDA:67,2,0,0
BRDA:67,2,1,0
BRF:6
BRH:1
end_of_record
TN:
SF:/Users/lukehowsam/srv/dev/intermediate-react/testing/src/Modal.js
FN:8,(anonymous_0)
FN:13,(anonymous_1)
FN:17,(anonymous_2)
FN:21,(anonymous_3)
FNF:4
FNH:0
FNDA:0,(anonymous_0)
FNDA:0,(anonymous_1)
FNDA:0,(anonymous_2)
FNDA:0,(anonymous_3)
DA:5,1
DA:9,0
DA:10,0
DA:14,0
DA:18,0
DA:22,0
LF:6
LH:1
BRF:0
BRH:0
end_of_record
